\BOOKMARK [0][-]{chapter.1}{Opis teme}{}% 1
\BOOKMARK [1][-]{section.1.1}{Funkcionalnosti sitema DHMV}{chapter.1}% 2
\BOOKMARK [0][-]{chapter.2}{Detaljni opis funkcionalnosti}{}% 3
\BOOKMARK [1][-]{section.2.1}{Pregled svih baza podataka}{chapter.2}% 4
\BOOKMARK [1][-]{section.2.2}{Pregled svih tabela baze podataka}{chapter.2}% 5
\BOOKMARK [1][-]{section.2.3}{Upravljanje objektima vezanih za bazu i/ili tabelu}{chapter.2}% 6
\BOOKMARK [1][-]{section.2.4}{Pregled svih korisnika baze podataka}{chapter.2}% 7
\BOOKMARK [1][-]{section.2.5}{Vizualizacija meta podataka}{chapter.2}% 8
\BOOKMARK [1][-]{section.2.6}{Prikaz, kreiranje, ureivanje i brisanje podataka unutar baze}{chapter.2}% 9
\BOOKMARK [0][-]{chapter.3}{Tehnologija}{}% 10
\BOOKMARK [1][-]{section.3.1}{Java Spring}{chapter.3}% 11
\BOOKMARK [2][-]{subsection.3.1.1}{Spring MVC}{section.3.1}% 12
\BOOKMARK [2][-]{subsection.3.1.2}{Spring Data JPA}{section.3.1}% 13
\BOOKMARK [1][-]{section.3.2}{AngularJS}{chapter.3}% 14
\BOOKMARK [1][-]{section.3.3}{PostgreSQL}{chapter.3}% 15
\BOOKMARK [1][-]{section.3.4}{OracleDB}{chapter.3}% 16
\BOOKMARK [1][-]{section.3.5}{Android}{chapter.3}% 17
\BOOKMARK [0][-]{chapter.4}{Web aplikacija}{}% 18
\BOOKMARK [0][-]{chapter.5}{Android aplikacija}{}% 19
\BOOKMARK [0][-]{chapter.6}{Optimizacija upita i transakcije}{}% 20
\BOOKMARK [1][-]{section.6.1}{Login transakcija}{chapter.6}% 21
\BOOKMARK [1][-]{section.6.2}{Funkcija getRowCount\(\)}{chapter.6}% 22
\BOOKMARK [1][-]{section.6.3}{Funkcija getNames\(\)}{chapter.6}% 23
\BOOKMARK [1][-]{section.6.4}{Funkcija getColumnNames\(\)}{chapter.6}% 24
\BOOKMARK [1][-]{section.6.5}{Funkcija objectsMetaData\(\)}{chapter.6}% 25
\BOOKMARK [1][-]{section.6.6}{Funkcija createView\(\)}{chapter.6}% 26
\BOOKMARK [1][-]{section.6.7}{Funkcija createTrigger\(\)}{chapter.6}% 27
\BOOKMARK [1][-]{section.6.8}{Funkcija primaryKeys\(\)}{chapter.6}% 28
\BOOKMARK [1][-]{section.6.9}{Funkcija createIndex\(\)}{chapter.6}% 29
\BOOKMARK [1][-]{section.6.10}{Funkcija showERD\(\)}{chapter.6}% 30
\BOOKMARK [1][-]{section.6.11}{Funkcija create\137AutoIncrement\137Trigger\(\)}{chapter.6}% 31
\BOOKMARK [1][-]{section.6.12}{Funkcija createTable\(\)}{chapter.6}% 32
